Arguments: 
  C:\Program Files\nodejs\node.exe C:\Users\souheyeb\AppData\Roaming\npm\node_modules\yarn\bin\yarn.js add @lifeomic/chroma-react @material-ui/styles react-router-dom

PATH: 
  C:\Program Files\Git\mingw64\bin;C:\Program Files\Git\usr\bin;C:\Users\souheyeb\bin;C:\Program Files (x86)\Common Files\Oracle\Java\javapath;C:\ProgramData\Oracle\Java\javapath;C:\Program Files (x86)\Java\jre1.8.0_161\bin;C:\Program Files (x86)\Intel\iCLS Client;C:\Program Files\Intel\iCLS Client;C:\Windows\system32;C:\Windows;C:\Windows\System32\Wbem;C:\Windows\System32\WindowsPowerShell\v1.0;C:\Program Files (x86)\Intel\Intel(R) Management Engine Components\DAL;C:\Program Files\Intel\Intel(R) Management Engine Components\DAL;C:\Program Files (x86)\Intel\Intel(R) Management Engine Components\IPT;C:\Program Files\Intel\Intel(R) Management Engine Components\IPT;C:\Program Files\Git\cmd;C:\ProgramData\ComposerSetup\bin;C:\make\bin;C:\Program Files\PuTTY;C:\xampp_b\php;C:\PROGRA~2\IBM\CLIENT~1;C:\PROGRA~2\IBM\CLIENT~1\Shared;C:\PROGRA~2\IBM\CLIENT~1\Emulator;C:\Python27\Scripts;C:\Users\souheyeb\AppData\Local\Android\Sdk\platform-tools;C:\xampp_b\intanstclient_11_2;C:\Program Files\dotnet;C:\Program Files\nodejs;C:\Users\souheyeb\AppData\Local\Programs\Python\Python38-32\Scripts;C:\Users\souheyeb\AppData\Local\Programs\Python\Python38-32;C:\Program Files\Microsoft VS Code\bin;C:\Users\souheyeb\AppData\Roaming\Composer\vendor\bin;C:\Users\souheyeb\AppData\Local\atom\bin;C:\Users\souheyeb\AppData\Local\Programs\Microsoft VS Code\bin;C:\Users\souheyeb\AppData\Roaming\npm

Yarn version: 
  1.22.10

Node version: 
  14.16.1

Platform: 
  win32 x64

Trace: 
  Error: https://registry.yarnpkg.com/@fortawesome/fontawesome-free/-/fontawesome-free-5.15.2.tgz: ESOCKETTIMEDOUT
      at ClientRequest.<anonymous> (C:\Users\souheyeb\AppData\Roaming\npm\node_modules\yarn\lib\cli.js:141289:19)
      at Object.onceWrapper (events.js:421:28)
      at ClientRequest.emit (events.js:315:20)
      at TLSSocket.emitRequestTimeout (_http_client.js:784:9)
      at Object.onceWrapper (events.js:421:28)
      at TLSSocket.emit (events.js:327:22)
      at TLSSocket.Socket._onTimeout (net.js:483:8)
      at listOnTimeout (internal/timers.js:554:17)
      at processTimers (internal/timers.js:497:7)

npm manifest: 
  {
    "name": "argon-dashboard-react",
    "version": "1.2.0",
    "description": "React version of Argon Dashboard by Creative Tim",
    "main": "index.js",
    "repository": {
      "type": "git",
      "url": "git+https://github.com/creativetimofficial/argon-dashboard-react.git"
    },
    "keywords": [
      "react",
      "reactjs",
      "argon",
      "argon-react",
      "dashboard",
      "dashboard-react",
      "argon-dashboard",
      "argon-dashboard-react"
    ],
    "author": "Creative Tim",
    "license": "MIT",
    "bugs": {
      "url": "https://github.com/creativetimofficial/argon-dashboard-react/issues"
    },
    "homepage": "https://demos.creative-tim.com/argon-dashboard-react/",
    "scripts": {
      "start": "react-scripts start",
      "build": "react-scripts build",
      "test": "react-scripts test",
      "eject": "react-scripts eject",
      "install:clean": "rm -rf node_modules/ && rm -rf package-lock.json && npm install && npm start",
      "compile:scss": "node-sass --importer node_modules/node-sass-package-importer/dist/cli.js src/assets/scss/argon-dashboard-react.scss src/assets/css/argon-dashboard-react.css",
      "minify:scss": "node-sass --importer node_modules/node-sass-package-importer/dist/cli.js src/assets/scss/argon-dashboard-react.scss src/assets/css/argon-dashboard-react.min.css --output-style compressed",
      "map:scss": "node-sass --importer node_modules/node-sass-package-importer/dist/cli.js src/assets/scss/argon-dashboard-react.scss src/assets/css/argon-dashboard-react.css --source-map true",
      "build:scss": "npm run compile:scss && npm run minify:scss && npm run map:scss"
    },
    "eslintConfig": {
      "extends": "react-app"
    },
    "browserslist": [
      ">0.2%",
      "not dead",
      "not ie <= 11",
      "not op_mini all"
    ],
    "dependencies": {
      "@fortawesome/fontawesome-free": "5.15.2",
      "axios": "^0.21.1",
      "bootstrap": "4.6.0",
      "chart.js": "2.9.4",
      "classnames": "2.2.6",
      "jwt-decode": "^3.1.2",
      "moment": "2.29.1",
      "node-sass": "4.14.1",
      "node-sass-package-importer": "5.3.2",
      "nouislider": "14.6.3",
      "react": "17.0.1",
      "react-chartjs-2": "2.11.1",
      "react-copy-to-clipboard": "5.0.3",
      "react-datetime": "3.0.4",
      "react-dom": "17.0.1",
      "react-router-dom": "5.2.0",
      "react-scripts": "^4.0.1",
      "reactstrap": "8.9.0"
    },
    "devDependencies": {
      "gulp": "4.0.2",
      "gulp-append-prepend": "1.0.8"
    },
    "optionalDependencies": {
      "eslint-plugin-flowtype": "5.2.0",
      "jquery": "3.5.1",
      "typescript": "4.1.3"
    }
  }

yarn manifest: 
  No manifest

Lockfile: 
  No lockfile
